The system is: Linux - 3.13.0-37-generic - x86_64
Compiling the C compiler identification source file "CMakeCCompilerId.c" succeeded.
Compiler: /usr/bin/cc 
Build flags: 
Id flags: 

The output was:
0


Compilation of the C compiler identification source "CMakeCCompilerId.c" produced "a.out"

The C compiler identification is GNU, found in "/home/nikolay/Projects/OpenGL-tutorial_v0014_33/build/CMakeFiles/2.8.12.2/CompilerIdC/a.out"

Compiling the CXX compiler identification source file "CMakeCXXCompilerId.cpp" succeeded.
Compiler: /usr/bin/c++ 
Build flags: 
Id flags: 

The output was:
0


Compilation of the CXX compiler identification source "CMakeCXXCompilerId.cpp" produced "a.out"

The CXX compiler identification is GNU, found in "/home/nikolay/Projects/OpenGL-tutorial_v0014_33/build/CMakeFiles/2.8.12.2/CompilerIdCXX/a.out"

Determining if the C compiler works passed with the following output:
Change Dir: /home/nikolay/Projects/OpenGL-tutorial_v0014_33/build/CMakeFiles/CMakeTmp

Run Build Command:/usr/bin/make "cmTryCompileExec1036449029/fast"
/usr/bin/make -f CMakeFiles/cmTryCompileExec1036449029.dir/build.make CMakeFiles/cmTryCompileExec1036449029.dir/build
make[1]: Entering directory `/home/nikolay/Projects/OpenGL-tutorial_v0014_33/build/CMakeFiles/CMakeTmp'
/usr/bin/cmake -E cmake_progress_report /home/nikolay/Projects/OpenGL-tutorial_v0014_33/build/CMakeFiles/CMakeTmp/CMakeFiles 1
Building C object CMakeFiles/cmTryCompileExec1036449029.dir/testCCompiler.c.o
/usr/bin/cc    -o CMakeFiles/cmTryCompileExec1036449029.dir/testCCompiler.c.o   -c /home/nikolay/Projects/OpenGL-tutorial_v0014_33/build/CMakeFiles/CMakeTmp/testCCompiler.c
Linking C executable cmTryCompileExec1036449029
/usr/bin/cmake -E cmake_link_script CMakeFiles/cmTryCompileExec1036449029.dir/link.txt --verbose=1
/usr/bin/cc       CMakeFiles/cmTryCompileExec1036449029.dir/testCCompiler.c.o  -o cmTryCompileExec1036449029 -rdynamic 
make[1]: Leaving directory `/home/nikolay/Projects/OpenGL-tutorial_v0014_33/build/CMakeFiles/CMakeTmp'


Detecting C compiler ABI info compiled with the following output:
Change Dir: /home/nikolay/Projects/OpenGL-tutorial_v0014_33/build/CMakeFiles/CMakeTmp

Run Build Command:/usr/bin/make "cmTryCompileExec131744918/fast"
/usr/bin/make -f CMakeFiles/cmTryCompileExec131744918.dir/build.make CMakeFiles/cmTryCompileExec131744918.dir/build
make[1]: Entering directory `/home/nikolay/Projects/OpenGL-tutorial_v0014_33/build/CMakeFiles/CMakeTmp'
/usr/bin/cmake -E cmake_progress_report /home/nikolay/Projects/OpenGL-tutorial_v0014_33/build/CMakeFiles/CMakeTmp/CMakeFiles 1
Building C object CMakeFiles/cmTryCompileExec131744918.dir/CMakeCCompilerABI.c.o
/usr/bin/cc    -o CMakeFiles/cmTryCompileExec131744918.dir/CMakeCCompilerABI.c.o   -c /usr/share/cmake-2.8/Modules/CMakeCCompilerABI.c
Linking C executable cmTryCompileExec131744918
/usr/bin/cmake -E cmake_link_script CMakeFiles/cmTryCompileExec131744918.dir/link.txt --verbose=1
/usr/bin/cc     -v CMakeFiles/cmTryCompileExec131744918.dir/CMakeCCompilerABI.c.o  -o cmTryCompileExec131744918 -rdynamic  
Using built-in specs.
COLLECT_GCC=/usr/bin/cc
COLLECT_LTO_WRAPPER=/usr/lib/gcc/x86_64-linux-gnu/4.8/lto-wrapper
Target: x86_64-linux-gnu
Configured with: ../src/configure -v --with-pkgversion='Ubuntu 4.8.2-19ubuntu1' --with-bugurl=file:///usr/share/doc/gcc-4.8/README.Bugs --enable-languages=c,c++,java,go,d,fortran,objc,obj-c++ --prefix=/usr --program-suffix=-4.8 --enable-shared --enable-linker-build-id --libexecdir=/usr/lib --without-included-gettext --enable-threads=posix --with-gxx-include-dir=/usr/include/c++/4.8 --libdir=/usr/lib --enable-nls --with-sysroot=/ --enable-clocale=gnu --enable-libstdcxx-debug --enable-libstdcxx-time=yes --enable-gnu-unique-object --disable-libmudflap --enable-plugin --with-system-zlib --disable-browser-plugin --enable-java-awt=gtk --enable-gtk-cairo --with-java-home=/usr/lib/jvm/java-1.5.0-gcj-4.8-amd64/jre --enable-java-home --with-jvm-root-dir=/usr/lib/jvm/java-1.5.0-gcj-4.8-amd64 --with-jvm-jar-dir=/usr/lib/jvm-exports/java-1.5.0-gcj-4.8-amd64 --with-arch-directory=amd64 --with-ecj-jar=/usr/share/java/eclipse-ecj.jar --enable-objc-gc --enable-multiarch --disable-werror --with-arch-32=i686 --with-abi=m64 --with-multilib-list=m32,m64,mx32 --with-tune=generic --enable-checking=release --build=x86_64-linux-gnu --host=x86_64-linux-gnu --target=x86_64-linux-gnu
Thread model: posix
gcc version 4.8.2 (Ubuntu 4.8.2-19ubuntu1) 
COMPILER_PATH=/usr/lib/gcc/x86_64-linux-gnu/4.8/:/usr/lib/gcc/x86_64-linux-gnu/4.8/:/usr/lib/gcc/x86_64-linux-gnu/:/usr/lib/gcc/x86_64-linux-gnu/4.8/:/usr/lib/gcc/x86_64-linux-gnu/
LIBRARY_PATH=/usr/lib/gcc/x86_64-linux-gnu/4.8/:/usr/lib/gcc/x86_64-linux-gnu/4.8/../../../x86_64-linux-gnu/:/usr/lib/gcc/x86_64-linux-gnu/4.8/../../../../lib/:/lib/x86_64-linux-gnu/:/lib/../lib/:/usr/lib/x86_64-linux-gnu/:/usr/lib/../lib/:/usr/lib/gcc/x86_64-linux-gnu/4.8/../../../:/lib/:/usr/lib/
COLLECT_GCC_OPTIONS='-v' '-o' 'cmTryCompileExec131744918' '-rdynamic' '-mtune=generic' '-march=x86-64'
 /usr/lib/gcc/x86_64-linux-gnu/4.8/collect2 --sysroot=/ --build-id --eh-frame-hdr -m elf_x86_64 --hash-style=gnu --as-needed -export-dynamic -dynamic-linker /lib64/ld-linux-x86-64.so.2 -z relro -o cmTryCompileExec131744918 /usr/lib/gcc/x86_64-linux-gnu/4.8/../../../x86_64-linux-gnu/crt1.o /usr/lib/gcc/x86_64-linux-gnu/4.8/../../../x86_64-linux-gnu/crti.o /usr/lib/gcc/x86_64-linux-gnu/4.8/crtbegin.o -L/usr/lib/gcc/x86_64-linux-gnu/4.8 -L/usr/lib/gcc/x86_64-linux-gnu/4.8/../../../x86_64-linux-gnu -L/usr/lib/gcc/x86_64-linux-gnu/4.8/../../../../lib -L/lib/x86_64-linux-gnu -L/lib/../lib -L/usr/lib/x86_64-linux-gnu -L/usr/lib/../lib -L/usr/lib/gcc/x86_64-linux-gnu/4.8/../../.. CMakeFiles/cmTryCompileExec131744918.dir/CMakeCCompilerABI.c.o -lgcc --as-needed -lgcc_s --no-as-needed -lc -lgcc --as-needed -lgcc_s --no-as-needed /usr/lib/gcc/x86_64-linux-gnu/4.8/crtend.o /usr/lib/gcc/x86_64-linux-gnu/4.8/../../../x86_64-linux-gnu/crtn.o
make[1]: Leaving directory `/home/nikolay/Projects/OpenGL-tutorial_v0014_33/build/CMakeFiles/CMakeTmp'


Parsed C implicit link information from above output:
  link line regex: [^( *|.*[/\])(ld|([^/\]+-)?ld|collect2)[^/\]*( |$)]
  ignore line: [Change Dir: /home/nikolay/Projects/OpenGL-tutorial_v0014_33/build/CMakeFiles/CMakeTmp]
  ignore line: []
  ignore line: [Run Build Command:/usr/bin/make "cmTryCompileExec131744918/fast"]
  ignore line: [/usr/bin/make -f CMakeFiles/cmTryCompileExec131744918.dir/build.make CMakeFiles/cmTryCompileExec131744918.dir/build]
  ignore line: [make[1]: Entering directory `/home/nikolay/Projects/OpenGL-tutorial_v0014_33/build/CMakeFiles/CMakeTmp']
  ignore line: [/usr/bin/cmake -E cmake_progress_report /home/nikolay/Projects/OpenGL-tutorial_v0014_33/build/CMakeFiles/CMakeTmp/CMakeFiles 1]
  ignore line: [Building C object CMakeFiles/cmTryCompileExec131744918.dir/CMakeCCompilerABI.c.o]
  ignore line: [/usr/bin/cc    -o CMakeFiles/cmTryCompileExec131744918.dir/CMakeCCompilerABI.c.o   -c /usr/share/cmake-2.8/Modules/CMakeCCompilerABI.c]
  ignore line: [Linking C executable cmTryCompileExec131744918]
  ignore line: [/usr/bin/cmake -E cmake_link_script CMakeFiles/cmTryCompileExec131744918.dir/link.txt --verbose=1]
  ignore line: [/usr/bin/cc     -v CMakeFiles/cmTryCompileExec131744918.dir/CMakeCCompilerABI.c.o  -o cmTryCompileExec131744918 -rdynamic  ]
  ignore line: [Using built-in specs.]
  ignore line: [COLLECT_GCC=/usr/bin/cc]
  ignore line: [COLLECT_LTO_WRAPPER=/usr/lib/gcc/x86_64-linux-gnu/4.8/lto-wrapper]
  ignore line: [Target: x86_64-linux-gnu]
  ignore line: [Configured with: ../src/configure -v --with-pkgversion='Ubuntu 4.8.2-19ubuntu1' --with-bugurl=file:///usr/share/doc/gcc-4.8/README.Bugs --enable-languages=c,c++,java,go,d,fortran,objc,obj-c++ --prefix=/usr --program-suffix=-4.8 --enable-shared --enable-linker-build-id --libexecdir=/usr/lib --without-included-gettext --enable-threads=posix --with-gxx-include-dir=/usr/include/c++/4.8 --libdir=/usr/lib --enable-nls --with-sysroot=/ --enable-clocale=gnu --enable-libstdcxx-debug --enable-libstdcxx-time=yes --enable-gnu-unique-object --disable-libmudflap --enable-plugin --with-system-zlib --disable-browser-plugin --enable-java-awt=gtk --enable-gtk-cairo --with-java-home=/usr/lib/jvm/java-1.5.0-gcj-4.8-amd64/jre --enable-java-home --with-jvm-root-dir=/usr/lib/jvm/java-1.5.0-gcj-4.8-amd64 --with-jvm-jar-dir=/usr/lib/jvm-exports/java-1.5.0-gcj-4.8-amd64 --with-arch-directory=amd64 --with-ecj-jar=/usr/share/java/eclipse-ecj.jar --enable-objc-gc --enable-multiarch --disable-werror --with-arch-32=i686 --with-abi=m64 --with-multilib-list=m32,m64,mx32 --with-tune=generic --enable-checking=release --build=x86_64-linux-gnu --host=x86_64-linux-gnu --target=x86_64-linux-gnu]
  ignore line: [Thread model: posix]
  ignore line: [gcc version 4.8.2 (Ubuntu 4.8.2-19ubuntu1) ]
  ignore line: [COMPILER_PATH=/usr/lib/gcc/x86_64-linux-gnu/4.8/:/usr/lib/gcc/x86_64-linux-gnu/4.8/:/usr/lib/gcc/x86_64-linux-gnu/:/usr/lib/gcc/x86_64-linux-gnu/4.8/:/usr/lib/gcc/x86_64-linux-gnu/]
  ignore line: [LIBRARY_PATH=/usr/lib/gcc/x86_64-linux-gnu/4.8/:/usr/lib/gcc/x86_64-linux-gnu/4.8/../../../x86_64-linux-gnu/:/usr/lib/gcc/x86_64-linux-gnu/4.8/../../../../lib/:/lib/x86_64-linux-gnu/:/lib/../lib/:/usr/lib/x86_64-linux-gnu/:/usr/lib/../lib/:/usr/lib/gcc/x86_64-linux-gnu/4.8/../../../:/lib/:/usr/lib/]
  ignore line: [COLLECT_GCC_OPTIONS='-v' '-o' 'cmTryCompileExec131744918' '-rdynamic' '-mtune=generic' '-march=x86-64']
  link line: [ /usr/lib/gcc/x86_64-linux-gnu/4.8/collect2 --sysroot=/ --build-id --eh-frame-hdr -m elf_x86_64 --hash-style=gnu --as-needed -export-dynamic -dynamic-linker /lib64/ld-linux-x86-64.so.2 -z relro -o cmTryCompileExec131744918 /usr/lib/gcc/x86_64-linux-gnu/4.8/../../../x86_64-linux-gnu/crt1.o /usr/lib/gcc/x86_64-linux-gnu/4.8/../../../x86_64-linux-gnu/crti.o /usr/lib/gcc/x86_64-linux-gnu/4.8/crtbegin.o -L/usr/lib/gcc/x86_64-linux-gnu/4.8 -L/usr/lib/gcc/x86_64-linux-gnu/4.8/../../../x86_64-linux-gnu -L/usr/lib/gcc/x86_64-linux-gnu/4.8/../../../../lib -L/lib/x86_64-linux-gnu -L/lib/../lib -L/usr/lib/x86_64-linux-gnu -L/usr/lib/../lib -L/usr/lib/gcc/x86_64-linux-gnu/4.8/../../.. CMakeFiles/cmTryCompileExec131744918.dir/CMakeCCompilerABI.c.o -lgcc --as-needed -lgcc_s --no-as-needed -lc -lgcc --as-needed -lgcc_s --no-as-needed /usr/lib/gcc/x86_64-linux-gnu/4.8/crtend.o /usr/lib/gcc/x86_64-linux-gnu/4.8/../../../x86_64-linux-gnu/crtn.o]
    arg [/usr/lib/gcc/x86_64-linux-gnu/4.8/collect2] ==> ignore
    arg [--sysroot=/] ==> ignore
    arg [--build-id] ==> ignore
    arg [--eh-frame-hdr] ==> ignore
    arg [-m] ==> ignore
    arg [elf_x86_64] ==> ignore
    arg [--hash-style=gnu] ==> ignore
    arg [--as-needed] ==> ignore
    arg [-export-dynamic] ==> ignore
    arg [-dynamic-linker] ==> ignore
    arg [/lib64/ld-linux-x86-64.so.2] ==> ignore
    arg [-zrelro] ==> ignore
    arg [-o] ==> ignore
    arg [cmTryCompileExec131744918] ==> ignore
    arg [/usr/lib/gcc/x86_64-linux-gnu/4.8/../../../x86_64-linux-gnu/crt1.o] ==> ignore
    arg [/usr/lib/gcc/x86_64-linux-gnu/4.8/../../../x86_64-linux-gnu/crti.o] ==> ignore
    arg [/usr/lib/gcc/x86_64-linux-gnu/4.8/crtbegin.o] ==> ignore
    arg [-L/usr/lib/gcc/x86_64-linux-gnu/4.8] ==> dir [/usr/lib/gcc/x86_64-linux-gnu/4.8]
    arg [-L/usr/lib/gcc/x86_64-linux-gnu/4.8/../../../x86_64-linux-gnu] ==> dir [/usr/lib/gcc/x86_64-linux-gnu/4.8/../../../x86_64-linux-gnu]
    arg [-L/usr/lib/gcc/x86_64-linux-gnu/4.8/../../../../lib] ==> dir [/usr/lib/gcc/x86_64-linux-gnu/4.8/../../../../lib]
    arg [-L/lib/x86_64-linux-gnu] ==> dir [/lib/x86_64-linux-gnu]
    arg [-L/lib/../lib] ==> dir [/lib/../lib]
    arg [-L/usr/lib/x86_64-linux-gnu] ==> dir [/usr/lib/x86_64-linux-gnu]
    arg [-L/usr/lib/../lib] ==> dir [/usr/lib/../lib]
    arg [-L/usr/lib/gcc/x86_64-linux-gnu/4.8/../../..] ==> dir [/usr/lib/gcc/x86_64-linux-gnu/4.8/../../..]
    arg [CMakeFiles/cmTryCompileExec131744918.dir/CMakeCCompilerABI.c.o] ==> ignore
    arg [-lgcc] ==> lib [gcc]
    arg [--as-needed] ==> ignore
    arg [-lgcc_s] ==> lib [gcc_s]
    arg [--no-as-needed] ==> ignore
    arg [-lc] ==> lib [c]
    arg [-lgcc] ==> lib [gcc]
    arg [--as-needed] ==> ignore
    arg [-lgcc_s] ==> lib [gcc_s]
    arg [--no-as-needed] ==> ignore
    arg [/usr/lib/gcc/x86_64-linux-gnu/4.8/crtend.o] ==> ignore
    arg [/usr/lib/gcc/x86_64-linux-gnu/4.8/../../../x86_64-linux-gnu/crtn.o] ==> ignore
  remove lib [gcc]
  remove lib [gcc_s]
  remove lib [gcc]
  remove lib [gcc_s]
  collapse library dir [/usr/lib/gcc/x86_64-linux-gnu/4.8] ==> [/usr/lib/gcc/x86_64-linux-gnu/4.8]
  collapse library dir [/usr/lib/gcc/x86_64-linux-gnu/4.8/../../../x86_64-linux-gnu] ==> [/usr/lib/x86_64-linux-gnu]
  collapse library dir [/usr/lib/gcc/x86_64-linux-gnu/4.8/../../../../lib] ==> [/usr/lib]
  collapse library dir [/lib/x86_64-linux-gnu] ==> [/lib/x86_64-linux-gnu]
  collapse library dir [/lib/../lib] ==> [/lib]
  collapse library dir [/usr/lib/x86_64-linux-gnu] ==> [/usr/lib/x86_64-linux-gnu]
  collapse library dir [/usr/lib/../lib] ==> [/usr/lib]
  collapse library dir [/usr/lib/gcc/x86_64-linux-gnu/4.8/../../..] ==> [/usr/lib]
  implicit libs: [c]
  implicit dirs: [/usr/lib/gcc/x86_64-linux-gnu/4.8;/usr/lib/x86_64-linux-gnu;/usr/lib;/lib/x86_64-linux-gnu;/lib]
  implicit fwks: []


Determining if the CXX compiler works passed with the following output:
Change Dir: /home/nikolay/Projects/OpenGL-tutorial_v0014_33/build/CMakeFiles/CMakeTmp

Run Build Command:/usr/bin/make "cmTryCompileExec920023604/fast"
/usr/bin/make -f CMakeFiles/cmTryCompileExec920023604.dir/build.make CMakeFiles/cmTryCompileExec920023604.dir/build
make[1]: Entering directory `/home/nikolay/Projects/OpenGL-tutorial_v0014_33/build/CMakeFiles/CMakeTmp'
/usr/bin/cmake -E cmake_progress_report /home/nikolay/Projects/OpenGL-tutorial_v0014_33/build/CMakeFiles/CMakeTmp/CMakeFiles 1
Building CXX object CMakeFiles/cmTryCompileExec920023604.dir/testCXXCompiler.cxx.o
/usr/bin/c++     -o CMakeFiles/cmTryCompileExec920023604.dir/testCXXCompiler.cxx.o -c /home/nikolay/Projects/OpenGL-tutorial_v0014_33/build/CMakeFiles/CMakeTmp/testCXXCompiler.cxx
Linking CXX executable cmTryCompileExec920023604
/usr/bin/cmake -E cmake_link_script CMakeFiles/cmTryCompileExec920023604.dir/link.txt --verbose=1
/usr/bin/c++        CMakeFiles/cmTryCompileExec920023604.dir/testCXXCompiler.cxx.o  -o cmTryCompileExec920023604 -rdynamic 
make[1]: Leaving directory `/home/nikolay/Projects/OpenGL-tutorial_v0014_33/build/CMakeFiles/CMakeTmp'


Detecting CXX compiler ABI info compiled with the following output:
Change Dir: /home/nikolay/Projects/OpenGL-tutorial_v0014_33/build/CMakeFiles/CMakeTmp

Run Build Command:/usr/bin/make "cmTryCompileExec2152964954/fast"
/usr/bin/make -f CMakeFiles/cmTryCompileExec2152964954.dir/build.make CMakeFiles/cmTryCompileExec2152964954.dir/build
make[1]: Entering directory `/home/nikolay/Projects/OpenGL-tutorial_v0014_33/build/CMakeFiles/CMakeTmp'
/usr/bin/cmake -E cmake_progress_report /home/nikolay/Projects/OpenGL-tutorial_v0014_33/build/CMakeFiles/CMakeTmp/CMakeFiles 1
Building CXX object CMakeFiles/cmTryCompileExec2152964954.dir/CMakeCXXCompilerABI.cpp.o
/usr/bin/c++     -o CMakeFiles/cmTryCompileExec2152964954.dir/CMakeCXXCompilerABI.cpp.o -c /usr/share/cmake-2.8/Modules/CMakeCXXCompilerABI.cpp
Linking CXX executable cmTryCompileExec2152964954
/usr/bin/cmake -E cmake_link_script CMakeFiles/cmTryCompileExec2152964954.dir/link.txt --verbose=1
/usr/bin/c++      -v CMakeFiles/cmTryCompileExec2152964954.dir/CMakeCXXCompilerABI.cpp.o  -o cmTryCompileExec2152964954 -rdynamic  
Using built-in specs.
COLLECT_GCC=/usr/bin/c++
COLLECT_LTO_WRAPPER=/usr/lib/gcc/x86_64-linux-gnu/4.8/lto-wrapper
Target: x86_64-linux-gnu
Configured with: ../src/configure -v --with-pkgversion='Ubuntu 4.8.2-19ubuntu1' --with-bugurl=file:///usr/share/doc/gcc-4.8/README.Bugs --enable-languages=c,c++,java,go,d,fortran,objc,obj-c++ --prefix=/usr --program-suffix=-4.8 --enable-shared --enable-linker-build-id --libexecdir=/usr/lib --without-included-gettext --enable-threads=posix --with-gxx-include-dir=/usr/include/c++/4.8 --libdir=/usr/lib --enable-nls --with-sysroot=/ --enable-clocale=gnu --enable-libstdcxx-debug --enable-libstdcxx-time=yes --enable-gnu-unique-object --disable-libmudflap --enable-plugin --with-system-zlib --disable-browser-plugin --enable-java-awt=gtk --enable-gtk-cairo --with-java-home=/usr/lib/jvm/java-1.5.0-gcj-4.8-amd64/jre --enable-java-home --with-jvm-root-dir=/usr/lib/jvm/java-1.5.0-gcj-4.8-amd64 --with-jvm-jar-dir=/usr/lib/jvm-exports/java-1.5.0-gcj-4.8-amd64 --with-arch-directory=amd64 --with-ecj-jar=/usr/share/java/eclipse-ecj.jar --enable-objc-gc --enable-multiarch --disable-werror --with-arch-32=i686 --with-abi=m64 --with-multilib-list=m32,m64,mx32 --with-tune=generic --enable-checking=release --build=x86_64-linux-gnu --host=x86_64-linux-gnu --target=x86_64-linux-gnu
Thread model: posix
gcc version 4.8.2 (Ubuntu 4.8.2-19ubuntu1) 
COMPILER_PATH=/usr/lib/gcc/x86_64-linux-gnu/4.8/:/usr/lib/gcc/x86_64-linux-gnu/4.8/:/usr/lib/gcc/x86_64-linux-gnu/:/usr/lib/gcc/x86_64-linux-gnu/4.8/:/usr/lib/gcc/x86_64-linux-gnu/
LIBRARY_PATH=/usr/lib/gcc/x86_64-linux-gnu/4.8/:/usr/lib/gcc/x86_64-linux-gnu/4.8/../../../x86_64-linux-gnu/:/usr/lib/gcc/x86_64-linux-gnu/4.8/../../../../lib/:/lib/x86_64-linux-gnu/:/lib/../lib/:/usr/lib/x86_64-linux-gnu/:/usr/lib/../lib/:/usr/lib/gcc/x86_64-linux-gnu/4.8/../../../:/lib/:/usr/lib/
COLLECT_GCC_OPTIONS='-v' '-o' 'cmTryCompileExec2152964954' '-rdynamic' '-shared-libgcc' '-mtune=generic' '-march=x86-64'
 /usr/lib/gcc/x86_64-linux-gnu/4.8/collect2 --sysroot=/ --build-id --eh-frame-hdr -m elf_x86_64 --hash-style=gnu --as-needed -export-dynamic -dynamic-linker /lib64/ld-linux-x86-64.so.2 -z relro -o cmTryCompileExec2152964954 /usr/lib/gcc/x86_64-linux-gnu/4.8/../../../x86_64-linux-gnu/crt1.o /usr/lib/gcc/x86_64-linux-gnu/4.8/../../../x86_64-linux-gnu/crti.o /usr/lib/gcc/x86_64-linux-gnu/4.8/crtbegin.o -L/usr/lib/gcc/x86_64-linux-gnu/4.8 -L/usr/lib/gcc/x86_64-linux-gnu/4.8/../../../x86_64-linux-gnu -L/usr/lib/gcc/x86_64-linux-gnu/4.8/../../../../lib -L/lib/x86_64-linux-gnu -L/lib/../lib -L/usr/lib/x86_64-linux-gnu -L/usr/lib/../lib -L/usr/lib/gcc/x86_64-linux-gnu/4.8/../../.. CMakeFiles/cmTryCompileExec2152964954.dir/CMakeCXXCompilerABI.cpp.o -lstdc++ -lm -lgcc_s -lgcc -lc -lgcc_s -lgcc /usr/lib/gcc/x86_64-linux-gnu/4.8/crtend.o /usr/lib/gcc/x86_64-linux-gnu/4.8/../../../x86_64-linux-gnu/crtn.o
make[1]: Leaving directory `/home/nikolay/Projects/OpenGL-tutorial_v0014_33/build/CMakeFiles/CMakeTmp'


Parsed CXX implicit link information from above output:
  link line regex: [^( *|.*[/\])(ld|([^/\]+-)?ld|collect2)[^/\]*( |$)]
  ignore line: [Change Dir: /home/nikolay/Projects/OpenGL-tutorial_v0014_33/build/CMakeFiles/CMakeTmp]
  ignore line: []
  ignore line: [Run Build Command:/usr/bin/make "cmTryCompileExec2152964954/fast"]
  ignore line: [/usr/bin/make -f CMakeFiles/cmTryCompileExec2152964954.dir/build.make CMakeFiles/cmTryCompileExec2152964954.dir/build]
  ignore line: [make[1]: Entering directory `/home/nikolay/Projects/OpenGL-tutorial_v0014_33/build/CMakeFiles/CMakeTmp']
  ignore line: [/usr/bin/cmake -E cmake_progress_report /home/nikolay/Projects/OpenGL-tutorial_v0014_33/build/CMakeFiles/CMakeTmp/CMakeFiles 1]
  ignore line: [Building CXX object CMakeFiles/cmTryCompileExec2152964954.dir/CMakeCXXCompilerABI.cpp.o]
  ignore line: [/usr/bin/c++     -o CMakeFiles/cmTryCompileExec2152964954.dir/CMakeCXXCompilerABI.cpp.o -c /usr/share/cmake-2.8/Modules/CMakeCXXCompilerABI.cpp]
  ignore line: [Linking CXX executable cmTryCompileExec2152964954]
  ignore line: [/usr/bin/cmake -E cmake_link_script CMakeFiles/cmTryCompileExec2152964954.dir/link.txt --verbose=1]
  ignore line: [/usr/bin/c++      -v CMakeFiles/cmTryCompileExec2152964954.dir/CMakeCXXCompilerABI.cpp.o  -o cmTryCompileExec2152964954 -rdynamic  ]
  ignore line: [Using built-in specs.]
  ignore line: [COLLECT_GCC=/usr/bin/c++]
  ignore line: [COLLECT_LTO_WRAPPER=/usr/lib/gcc/x86_64-linux-gnu/4.8/lto-wrapper]
  ignore line: [Target: x86_64-linux-gnu]
  ignore line: [Configured with: ../src/configure -v --with-pkgversion='Ubuntu 4.8.2-19ubuntu1' --with-bugurl=file:///usr/share/doc/gcc-4.8/README.Bugs --enable-languages=c,c++,java,go,d,fortran,objc,obj-c++ --prefix=/usr --program-suffix=-4.8 --enable-shared --enable-linker-build-id --libexecdir=/usr/lib --without-included-gettext --enable-threads=posix --with-gxx-include-dir=/usr/include/c++/4.8 --libdir=/usr/lib --enable-nls --with-sysroot=/ --enable-clocale=gnu --enable-libstdcxx-debug --enable-libstdcxx-time=yes --enable-gnu-unique-object --disable-libmudflap --enable-plugin --with-system-zlib --disable-browser-plugin --enable-java-awt=gtk --enable-gtk-cairo --with-java-home=/usr/lib/jvm/java-1.5.0-gcj-4.8-amd64/jre --enable-java-home --with-jvm-root-dir=/usr/lib/jvm/java-1.5.0-gcj-4.8-amd64 --with-jvm-jar-dir=/usr/lib/jvm-exports/java-1.5.0-gcj-4.8-amd64 --with-arch-directory=amd64 --with-ecj-jar=/usr/share/java/eclipse-ecj.jar --enable-objc-gc --enable-multiarch --disable-werror --with-arch-32=i686 --with-abi=m64 --with-multilib-list=m32,m64,mx32 --with-tune=generic --enable-checking=release --build=x86_64-linux-gnu --host=x86_64-linux-gnu --target=x86_64-linux-gnu]
  ignore line: [Thread model: posix]
  ignore line: [gcc version 4.8.2 (Ubuntu 4.8.2-19ubuntu1) ]
  ignore line: [COMPILER_PATH=/usr/lib/gcc/x86_64-linux-gnu/4.8/:/usr/lib/gcc/x86_64-linux-gnu/4.8/:/usr/lib/gcc/x86_64-linux-gnu/:/usr/lib/gcc/x86_64-linux-gnu/4.8/:/usr/lib/gcc/x86_64-linux-gnu/]
  ignore line: [LIBRARY_PATH=/usr/lib/gcc/x86_64-linux-gnu/4.8/:/usr/lib/gcc/x86_64-linux-gnu/4.8/../../../x86_64-linux-gnu/:/usr/lib/gcc/x86_64-linux-gnu/4.8/../../../../lib/:/lib/x86_64-linux-gnu/:/lib/../lib/:/usr/lib/x86_64-linux-gnu/:/usr/lib/../lib/:/usr/lib/gcc/x86_64-linux-gnu/4.8/../../../:/lib/:/usr/lib/]
  ignore line: [COLLECT_GCC_OPTIONS='-v' '-o' 'cmTryCompileExec2152964954' '-rdynamic' '-shared-libgcc' '-mtune=generic' '-march=x86-64']
  link line: [ /usr/lib/gcc/x86_64-linux-gnu/4.8/collect2 --sysroot=/ --build-id --eh-frame-hdr -m elf_x86_64 --hash-style=gnu --as-needed -export-dynamic -dynamic-linker /lib64/ld-linux-x86-64.so.2 -z relro -o cmTryCompileExec2152964954 /usr/lib/gcc/x86_64-linux-gnu/4.8/../../../x86_64-linux-gnu/crt1.o /usr/lib/gcc/x86_64-linux-gnu/4.8/../../../x86_64-linux-gnu/crti.o /usr/lib/gcc/x86_64-linux-gnu/4.8/crtbegin.o -L/usr/lib/gcc/x86_64-linux-gnu/4.8 -L/usr/lib/gcc/x86_64-linux-gnu/4.8/../../../x86_64-linux-gnu -L/usr/lib/gcc/x86_64-linux-gnu/4.8/../../../../lib -L/lib/x86_64-linux-gnu -L/lib/../lib -L/usr/lib/x86_64-linux-gnu -L/usr/lib/../lib -L/usr/lib/gcc/x86_64-linux-gnu/4.8/../../.. CMakeFiles/cmTryCompileExec2152964954.dir/CMakeCXXCompilerABI.cpp.o -lstdc++ -lm -lgcc_s -lgcc -lc -lgcc_s -lgcc /usr/lib/gcc/x86_64-linux-gnu/4.8/crtend.o /usr/lib/gcc/x86_64-linux-gnu/4.8/../../../x86_64-linux-gnu/crtn.o]
    arg [/usr/lib/gcc/x86_64-linux-gnu/4.8/collect2] ==> ignore
    arg [--sysroot=/] ==> ignore
    arg [--build-id] ==> ignore
    arg [--eh-frame-hdr] ==> ignore
    arg [-m] ==> ignore
    arg [elf_x86_64] ==> ignore
    arg [--hash-style=gnu] ==> ignore
    arg [--as-needed] ==> ignore
    arg [-export-dynamic] ==> ignore
    arg [-dynamic-linker] ==> ignore
    arg [/lib64/ld-linux-x86-64.so.2] ==> ignore
    arg [-zrelro] ==> ignore
    arg [-o] ==> ignore
    arg [cmTryCompileExec2152964954] ==> ignore
    arg [/usr/lib/gcc/x86_64-linux-gnu/4.8/../../../x86_64-linux-gnu/crt1.o] ==> ignore
    arg [/usr/lib/gcc/x86_64-linux-gnu/4.8/../../../x86_64-linux-gnu/crti.o] ==> ignore
    arg [/usr/lib/gcc/x86_64-linux-gnu/4.8/crtbegin.o] ==> ignore
    arg [-L/usr/lib/gcc/x86_64-linux-gnu/4.8] ==> dir [/usr/lib/gcc/x86_64-linux-gnu/4.8]
    arg [-L/usr/lib/gcc/x86_64-linux-gnu/4.8/../../../x86_64-linux-gnu] ==> dir [/usr/lib/gcc/x86_64-linux-gnu/4.8/../../../x86_64-linux-gnu]
    arg [-L/usr/lib/gcc/x86_64-linux-gnu/4.8/../../../../lib] ==> dir [/usr/lib/gcc/x86_64-linux-gnu/4.8/../../../../lib]
    arg [-L/lib/x86_64-linux-gnu] ==> dir [/lib/x86_64-linux-gnu]
    arg [-L/lib/../lib] ==> dir [/lib/../lib]
    arg [-L/usr/lib/x86_64-linux-gnu] ==> dir [/usr/lib/x86_64-linux-gnu]
    arg [-L/usr/lib/../lib] ==> dir [/usr/lib/../lib]
    arg [-L/usr/lib/gcc/x86_64-linux-gnu/4.8/../../..] ==> dir [/usr/lib/gcc/x86_64-linux-gnu/4.8/../../..]
    arg [CMakeFiles/cmTryCompileExec2152964954.dir/CMakeCXXCompilerABI.cpp.o] ==> ignore
    arg [-lstdc++] ==> lib [stdc++]
    arg [-lm] ==> lib [m]
    arg [-lgcc_s] ==> lib [gcc_s]
    arg [-lgcc] ==> lib [gcc]
    arg [-lc] ==> lib [c]
    arg [-lgcc_s] ==> lib [gcc_s]
    arg [-lgcc] ==> lib [gcc]
    arg [/usr/lib/gcc/x86_64-linux-gnu/4.8/crtend.o] ==> ignore
    arg [/usr/lib/gcc/x86_64-linux-gnu/4.8/../../../x86_64-linux-gnu/crtn.o] ==> ignore
  remove lib [gcc_s]
  remove lib [gcc]
  remove lib [gcc_s]
  remove lib [gcc]
  collapse library dir [/usr/lib/gcc/x86_64-linux-gnu/4.8] ==> [/usr/lib/gcc/x86_64-linux-gnu/4.8]
  collapse library dir [/usr/lib/gcc/x86_64-linux-gnu/4.8/../../../x86_64-linux-gnu] ==> [/usr/lib/x86_64-linux-gnu]
  collapse library dir [/usr/lib/gcc/x86_64-linux-gnu/4.8/../../../../lib] ==> [/usr/lib]
  collapse library dir [/lib/x86_64-linux-gnu] ==> [/lib/x86_64-linux-gnu]
  collapse library dir [/lib/../lib] ==> [/lib]
  collapse library dir [/usr/lib/x86_64-linux-gnu] ==> [/usr/lib/x86_64-linux-gnu]
  collapse library dir [/usr/lib/../lib] ==> [/usr/lib]
  collapse library dir [/usr/lib/gcc/x86_64-linux-gnu/4.8/../../..] ==> [/usr/lib]
  implicit libs: [stdc++;m;c]
  implicit dirs: [/usr/lib/gcc/x86_64-linux-gnu/4.8;/usr/lib/x86_64-linux-gnu;/usr/lib;/lib/x86_64-linux-gnu;/lib]
  implicit fwks: []


Determining if the function XOpenDisplay exists in the /usr/lib/x86_64-linux-gnu/libX11.so;/usr/lib/x86_64-linux-gnu/libXext.so passed with the following output:
Change Dir: /home/nikolay/Projects/OpenGL-tutorial_v0014_33/build/CMakeFiles/CMakeTmp

Run Build Command:/usr/bin/make "cmTryCompileExec2649492917/fast"
/usr/bin/make -f CMakeFiles/cmTryCompileExec2649492917.dir/build.make CMakeFiles/cmTryCompileExec2649492917.dir/build
make[1]: Entering directory `/home/nikolay/Projects/OpenGL-tutorial_v0014_33/build/CMakeFiles/CMakeTmp'
/usr/bin/cmake -E cmake_progress_report /home/nikolay/Projects/OpenGL-tutorial_v0014_33/build/CMakeFiles/CMakeTmp/CMakeFiles 1
Building C object CMakeFiles/cmTryCompileExec2649492917.dir/CheckFunctionExists.c.o
/usr/bin/cc   -DCHECK_FUNCTION_EXISTS=XOpenDisplay   -o CMakeFiles/cmTryCompileExec2649492917.dir/CheckFunctionExists.c.o   -c /usr/share/cmake-2.8/Modules/CheckFunctionExists.c
Linking C executable cmTryCompileExec2649492917
/usr/bin/cmake -E cmake_link_script CMakeFiles/cmTryCompileExec2649492917.dir/link.txt --verbose=1
/usr/bin/cc   -DCHECK_FUNCTION_EXISTS=XOpenDisplay    CMakeFiles/cmTryCompileExec2649492917.dir/CheckFunctionExists.c.o  -o cmTryCompileExec2649492917 -rdynamic -lX11 -lXext 
make[1]: Leaving directory `/home/nikolay/Projects/OpenGL-tutorial_v0014_33/build/CMakeFiles/CMakeTmp'


Determining if the function gethostbyname exists passed with the following output:
Change Dir: /home/nikolay/Projects/OpenGL-tutorial_v0014_33/build/CMakeFiles/CMakeTmp

Run Build Command:/usr/bin/make "cmTryCompileExec2375062908/fast"
/usr/bin/make -f CMakeFiles/cmTryCompileExec2375062908.dir/build.make CMakeFiles/cmTryCompileExec2375062908.dir/build
make[1]: Entering directory `/home/nikolay/Projects/OpenGL-tutorial_v0014_33/build/CMakeFiles/CMakeTmp'
/usr/bin/cmake -E cmake_progress_report /home/nikolay/Projects/OpenGL-tutorial_v0014_33/build/CMakeFiles/CMakeTmp/CMakeFiles 1
Building C object CMakeFiles/cmTryCompileExec2375062908.dir/CheckFunctionExists.c.o
/usr/bin/cc   -DCHECK_FUNCTION_EXISTS=gethostbyname   -o CMakeFiles/cmTryCompileExec2375062908.dir/CheckFunctionExists.c.o   -c /usr/share/cmake-2.8/Modules/CheckFunctionExists.c
Linking C executable cmTryCompileExec2375062908
/usr/bin/cmake -E cmake_link_script CMakeFiles/cmTryCompileExec2375062908.dir/link.txt --verbose=1
/usr/bin/cc   -DCHECK_FUNCTION_EXISTS=gethostbyname    CMakeFiles/cmTryCompileExec2375062908.dir/CheckFunctionExists.c.o  -o cmTryCompileExec2375062908 -rdynamic 
make[1]: Leaving directory `/home/nikolay/Projects/OpenGL-tutorial_v0014_33/build/CMakeFiles/CMakeTmp'


Determining if the function connect exists passed with the following output:
Change Dir: /home/nikolay/Projects/OpenGL-tutorial_v0014_33/build/CMakeFiles/CMakeTmp

Run Build Command:/usr/bin/make "cmTryCompileExec486223235/fast"
/usr/bin/make -f CMakeFiles/cmTryCompileExec486223235.dir/build.make CMakeFiles/cmTryCompileExec486223235.dir/build
make[1]: Entering directory `/home/nikolay/Projects/OpenGL-tutorial_v0014_33/build/CMakeFiles/CMakeTmp'
/usr/bin/cmake -E cmake_progress_report /home/nikolay/Projects/OpenGL-tutorial_v0014_33/build/CMakeFiles/CMakeTmp/CMakeFiles 1
Building C object CMakeFiles/cmTryCompileExec486223235.dir/CheckFunctionExists.c.o
/usr/bin/cc   -DCHECK_FUNCTION_EXISTS=connect   -o CMakeFiles/cmTryCompileExec486223235.dir/CheckFunctionExists.c.o   -c /usr/share/cmake-2.8/Modules/CheckFunctionExists.c
Linking C executable cmTryCompileExec486223235
/usr/bin/cmake -E cmake_link_script CMakeFiles/cmTryCompileExec486223235.dir/link.txt --verbose=1
/usr/bin/cc   -DCHECK_FUNCTION_EXISTS=connect    CMakeFiles/cmTryCompileExec486223235.dir/CheckFunctionExists.c.o  -o cmTryCompileExec486223235 -rdynamic 
make[1]: Leaving directory `/home/nikolay/Projects/OpenGL-tutorial_v0014_33/build/CMakeFiles/CMakeTmp'


Determining if the function remove exists passed with the following output:
Change Dir: /home/nikolay/Projects/OpenGL-tutorial_v0014_33/build/CMakeFiles/CMakeTmp

Run Build Command:/usr/bin/make "cmTryCompileExec890975333/fast"
/usr/bin/make -f CMakeFiles/cmTryCompileExec890975333.dir/build.make CMakeFiles/cmTryCompileExec890975333.dir/build
make[1]: Entering directory `/home/nikolay/Projects/OpenGL-tutorial_v0014_33/build/CMakeFiles/CMakeTmp'
/usr/bin/cmake -E cmake_progress_report /home/nikolay/Projects/OpenGL-tutorial_v0014_33/build/CMakeFiles/CMakeTmp/CMakeFiles 1
Building C object CMakeFiles/cmTryCompileExec890975333.dir/CheckFunctionExists.c.o
/usr/bin/cc   -DCHECK_FUNCTION_EXISTS=remove   -o CMakeFiles/cmTryCompileExec890975333.dir/CheckFunctionExists.c.o   -c /usr/share/cmake-2.8/Modules/CheckFunctionExists.c
Linking C executable cmTryCompileExec890975333
/usr/bin/cmake -E cmake_link_script CMakeFiles/cmTryCompileExec890975333.dir/link.txt --verbose=1
/usr/bin/cc   -DCHECK_FUNCTION_EXISTS=remove    CMakeFiles/cmTryCompileExec890975333.dir/CheckFunctionExists.c.o  -o cmTryCompileExec890975333 -rdynamic 
make[1]: Leaving directory `/home/nikolay/Projects/OpenGL-tutorial_v0014_33/build/CMakeFiles/CMakeTmp'


Determining if the function shmat exists passed with the following output:
Change Dir: /home/nikolay/Projects/OpenGL-tutorial_v0014_33/build/CMakeFiles/CMakeTmp

Run Build Command:/usr/bin/make "cmTryCompileExec310320311/fast"
/usr/bin/make -f CMakeFiles/cmTryCompileExec310320311.dir/build.make CMakeFiles/cmTryCompileExec310320311.dir/build
make[1]: Entering directory `/home/nikolay/Projects/OpenGL-tutorial_v0014_33/build/CMakeFiles/CMakeTmp'
/usr/bin/cmake -E cmake_progress_report /home/nikolay/Projects/OpenGL-tutorial_v0014_33/build/CMakeFiles/CMakeTmp/CMakeFiles 1
Building C object CMakeFiles/cmTryCompileExec310320311.dir/CheckFunctionExists.c.o
/usr/bin/cc   -DCHECK_FUNCTION_EXISTS=shmat   -o CMakeFiles/cmTryCompileExec310320311.dir/CheckFunctionExists.c.o   -c /usr/share/cmake-2.8/Modules/CheckFunctionExists.c
Linking C executable cmTryCompileExec310320311
/usr/bin/cmake -E cmake_link_script CMakeFiles/cmTryCompileExec310320311.dir/link.txt --verbose=1
/usr/bin/cc   -DCHECK_FUNCTION_EXISTS=shmat    CMakeFiles/cmTryCompileExec310320311.dir/CheckFunctionExists.c.o  -o cmTryCompileExec310320311 -rdynamic 
make[1]: Leaving directory `/home/nikolay/Projects/OpenGL-tutorial_v0014_33/build/CMakeFiles/CMakeTmp'


Determining if the function IceConnectionNumber exists in the ICE passed with the following output:
Change Dir: /home/nikolay/Projects/OpenGL-tutorial_v0014_33/build/CMakeFiles/CMakeTmp

Run Build Command:/usr/bin/make "cmTryCompileExec4148550045/fast"
/usr/bin/make -f CMakeFiles/cmTryCompileExec4148550045.dir/build.make CMakeFiles/cmTryCompileExec4148550045.dir/build
make[1]: Entering directory `/home/nikolay/Projects/OpenGL-tutorial_v0014_33/build/CMakeFiles/CMakeTmp'
/usr/bin/cmake -E cmake_progress_report /home/nikolay/Projects/OpenGL-tutorial_v0014_33/build/CMakeFiles/CMakeTmp/CMakeFiles 1
Building C object CMakeFiles/cmTryCompileExec4148550045.dir/CheckFunctionExists.c.o
/usr/bin/cc   -DCHECK_FUNCTION_EXISTS=IceConnectionNumber   -o CMakeFiles/cmTryCompileExec4148550045.dir/CheckFunctionExists.c.o   -c /usr/share/cmake-2.8/Modules/CheckFunctionExists.c
Linking C executable cmTryCompileExec4148550045
/usr/bin/cmake -E cmake_link_script CMakeFiles/cmTryCompileExec4148550045.dir/link.txt --verbose=1
/usr/bin/cc   -DCHECK_FUNCTION_EXISTS=IceConnectionNumber    CMakeFiles/cmTryCompileExec4148550045.dir/CheckFunctionExists.c.o  -o cmTryCompileExec4148550045 -rdynamic -lICE 
make[1]: Leaving directory `/home/nikolay/Projects/OpenGL-tutorial_v0014_33/build/CMakeFiles/CMakeTmp'


Determining if files pthread.h exist passed with the following output:
Change Dir: /home/nikolay/Projects/OpenGL-tutorial_v0014_33/build/CMakeFiles/CMakeTmp

Run Build Command:/usr/bin/make "cmTryCompileExec3940413586/fast"
/usr/bin/make -f CMakeFiles/cmTryCompileExec3940413586.dir/build.make CMakeFiles/cmTryCompileExec3940413586.dir/build
make[1]: Entering directory `/home/nikolay/Projects/OpenGL-tutorial_v0014_33/build/CMakeFiles/CMakeTmp'
/usr/bin/cmake -E cmake_progress_report /home/nikolay/Projects/OpenGL-tutorial_v0014_33/build/CMakeFiles/CMakeTmp/CMakeFiles 1
Building C object CMakeFiles/cmTryCompileExec3940413586.dir/CheckIncludeFiles.c.o
/usr/bin/cc    -o CMakeFiles/cmTryCompileExec3940413586.dir/CheckIncludeFiles.c.o   -c /home/nikolay/Projects/OpenGL-tutorial_v0014_33/build/CMakeFiles/CMakeTmp/CheckIncludeFiles.c
Linking C executable cmTryCompileExec3940413586
/usr/bin/cmake -E cmake_link_script CMakeFiles/cmTryCompileExec3940413586.dir/link.txt --verbose=1
/usr/bin/cc       CMakeFiles/cmTryCompileExec3940413586.dir/CheckIncludeFiles.c.o  -o cmTryCompileExec3940413586 -rdynamic 
make[1]: Leaving directory `/home/nikolay/Projects/OpenGL-tutorial_v0014_33/build/CMakeFiles/CMakeTmp'


Determining if the function pthread_create exists in the pthread passed with the following output:
Change Dir: /home/nikolay/Projects/OpenGL-tutorial_v0014_33/build/CMakeFiles/CMakeTmp

Run Build Command:/usr/bin/make "cmTryCompileExec2011938648/fast"
/usr/bin/make -f CMakeFiles/cmTryCompileExec2011938648.dir/build.make CMakeFiles/cmTryCompileExec2011938648.dir/build
make[1]: Entering directory `/home/nikolay/Projects/OpenGL-tutorial_v0014_33/build/CMakeFiles/CMakeTmp'
/usr/bin/cmake -E cmake_progress_report /home/nikolay/Projects/OpenGL-tutorial_v0014_33/build/CMakeFiles/CMakeTmp/CMakeFiles 1
Building C object CMakeFiles/cmTryCompileExec2011938648.dir/CheckFunctionExists.c.o
/usr/bin/cc   -DCHECK_FUNCTION_EXISTS=pthread_create   -o CMakeFiles/cmTryCompileExec2011938648.dir/CheckFunctionExists.c.o   -c /usr/share/cmake-2.8/Modules/CheckFunctionExists.c
Linking C executable cmTryCompileExec2011938648
/usr/bin/cmake -E cmake_link_script CMakeFiles/cmTryCompileExec2011938648.dir/link.txt --verbose=1
/usr/bin/cc   -DCHECK_FUNCTION_EXISTS=pthread_create    CMakeFiles/cmTryCompileExec2011938648.dir/CheckFunctionExists.c.o  -o cmTryCompileExec2011938648 -rdynamic -lpthread 
make[1]: Leaving directory `/home/nikolay/Projects/OpenGL-tutorial_v0014_33/build/CMakeFiles/CMakeTmp'


Determining if the function glXGetProcAddress exists passed with the following output:
Change Dir: /home/nikolay/Projects/OpenGL-tutorial_v0014_33/build/CMakeFiles/CMakeTmp

Run Build Command:/usr/bin/make "cmTryCompileExec1054234503/fast"
/usr/bin/make -f CMakeFiles/cmTryCompileExec1054234503.dir/build.make CMakeFiles/cmTryCompileExec1054234503.dir/build
make[1]: Entering directory `/home/nikolay/Projects/OpenGL-tutorial_v0014_33/build/CMakeFiles/CMakeTmp'
/usr/bin/cmake -E cmake_progress_report /home/nikolay/Projects/OpenGL-tutorial_v0014_33/build/CMakeFiles/CMakeTmp/CMakeFiles 1
Building C object CMakeFiles/cmTryCompileExec1054234503.dir/CheckFunctionExists.c.o
/usr/bin/cc   -DCHECK_FUNCTION_EXISTS=glXGetProcAddress   -o CMakeFiles/cmTryCompileExec1054234503.dir/CheckFunctionExists.c.o   -c /usr/share/cmake-2.8/Modules/CheckFunctionExists.c
Linking C executable cmTryCompileExec1054234503
/usr/bin/cmake -E cmake_link_script CMakeFiles/cmTryCompileExec1054234503.dir/link.txt --verbose=1
/usr/bin/cc   -DCHECK_FUNCTION_EXISTS=glXGetProcAddress    CMakeFiles/cmTryCompileExec1054234503.dir/CheckFunctionExists.c.o  -o cmTryCompileExec1054234503 -rdynamic -lGL 
make[1]: Leaving directory `/home/nikolay/Projects/OpenGL-tutorial_v0014_33/build/CMakeFiles/CMakeTmp'


Determining if the function glXGetProcAddressARB exists passed with the following output:
Change Dir: /home/nikolay/Projects/OpenGL-tutorial_v0014_33/build/CMakeFiles/CMakeTmp

Run Build Command:/usr/bin/make "cmTryCompileExec1588218214/fast"
/usr/bin/make -f CMakeFiles/cmTryCompileExec1588218214.dir/build.make CMakeFiles/cmTryCompileExec1588218214.dir/build
make[1]: Entering directory `/home/nikolay/Projects/OpenGL-tutorial_v0014_33/build/CMakeFiles/CMakeTmp'
/usr/bin/cmake -E cmake_progress_report /home/nikolay/Projects/OpenGL-tutorial_v0014_33/build/CMakeFiles/CMakeTmp/CMakeFiles 1
Building C object CMakeFiles/cmTryCompileExec1588218214.dir/CheckFunctionExists.c.o
/usr/bin/cc   -DCHECK_FUNCTION_EXISTS=glXGetProcAddressARB   -o CMakeFiles/cmTryCompileExec1588218214.dir/CheckFunctionExists.c.o   -c /usr/share/cmake-2.8/Modules/CheckFunctionExists.c
Linking C executable cmTryCompileExec1588218214
/usr/bin/cmake -E cmake_link_script CMakeFiles/cmTryCompileExec1588218214.dir/link.txt --verbose=1
/usr/bin/cc   -DCHECK_FUNCTION_EXISTS=glXGetProcAddressARB    CMakeFiles/cmTryCompileExec1588218214.dir/CheckFunctionExists.c.o  -o cmTryCompileExec1588218214 -rdynamic -lGL 
make[1]: Leaving directory `/home/nikolay/Projects/OpenGL-tutorial_v0014_33/build/CMakeFiles/CMakeTmp'


Determining if the include file sys/types.h exists passed with the following output:
Change Dir: /home/nikolay/Projects/OpenGL-tutorial_v0014_33/build/CMakeFiles/CMakeTmp

Run Build Command:/usr/bin/make "cmTryCompileExec1116379583/fast"
/usr/bin/make -f CMakeFiles/cmTryCompileExec1116379583.dir/build.make CMakeFiles/cmTryCompileExec1116379583.dir/build
make[1]: Entering directory `/home/nikolay/Projects/OpenGL-tutorial_v0014_33/build/CMakeFiles/CMakeTmp'
/usr/bin/cmake -E cmake_progress_report /home/nikolay/Projects/OpenGL-tutorial_v0014_33/build/CMakeFiles/CMakeTmp/CMakeFiles 1
Building C object CMakeFiles/cmTryCompileExec1116379583.dir/CheckIncludeFile.c.o
/usr/bin/cc    -o CMakeFiles/cmTryCompileExec1116379583.dir/CheckIncludeFile.c.o   -c /home/nikolay/Projects/OpenGL-tutorial_v0014_33/build/CMakeFiles/CMakeTmp/CheckIncludeFile.c
Linking C executable cmTryCompileExec1116379583
/usr/bin/cmake -E cmake_link_script CMakeFiles/cmTryCompileExec1116379583.dir/link.txt --verbose=1
/usr/bin/cc       CMakeFiles/cmTryCompileExec1116379583.dir/CheckIncludeFile.c.o  -o cmTryCompileExec1116379583 -rdynamic 
make[1]: Leaving directory `/home/nikolay/Projects/OpenGL-tutorial_v0014_33/build/CMakeFiles/CMakeTmp'


Determining if the include file stdint.h exists passed with the following output:
Change Dir: /home/nikolay/Projects/OpenGL-tutorial_v0014_33/build/CMakeFiles/CMakeTmp

Run Build Command:/usr/bin/make "cmTryCompileExec1507066229/fast"
/usr/bin/make -f CMakeFiles/cmTryCompileExec1507066229.dir/build.make CMakeFiles/cmTryCompileExec1507066229.dir/build
make[1]: Entering directory `/home/nikolay/Projects/OpenGL-tutorial_v0014_33/build/CMakeFiles/CMakeTmp'
/usr/bin/cmake -E cmake_progress_report /home/nikolay/Projects/OpenGL-tutorial_v0014_33/build/CMakeFiles/CMakeTmp/CMakeFiles 1
Building C object CMakeFiles/cmTryCompileExec1507066229.dir/CheckIncludeFile.c.o
/usr/bin/cc    -o CMakeFiles/cmTryCompileExec1507066229.dir/CheckIncludeFile.c.o   -c /home/nikolay/Projects/OpenGL-tutorial_v0014_33/build/CMakeFiles/CMakeTmp/CheckIncludeFile.c
Linking C executable cmTryCompileExec1507066229
/usr/bin/cmake -E cmake_link_script CMakeFiles/cmTryCompileExec1507066229.dir/link.txt --verbose=1
/usr/bin/cc       CMakeFiles/cmTryCompileExec1507066229.dir/CheckIncludeFile.c.o  -o cmTryCompileExec1507066229 -rdynamic 
make[1]: Leaving directory `/home/nikolay/Projects/OpenGL-tutorial_v0014_33/build/CMakeFiles/CMakeTmp'


Determining if the include file stddef.h exists passed with the following output:
Change Dir: /home/nikolay/Projects/OpenGL-tutorial_v0014_33/build/CMakeFiles/CMakeTmp

Run Build Command:/usr/bin/make "cmTryCompileExec603667406/fast"
/usr/bin/make -f CMakeFiles/cmTryCompileExec603667406.dir/build.make CMakeFiles/cmTryCompileExec603667406.dir/build
make[1]: Entering directory `/home/nikolay/Projects/OpenGL-tutorial_v0014_33/build/CMakeFiles/CMakeTmp'
/usr/bin/cmake -E cmake_progress_report /home/nikolay/Projects/OpenGL-tutorial_v0014_33/build/CMakeFiles/CMakeTmp/CMakeFiles 1
Building C object CMakeFiles/cmTryCompileExec603667406.dir/CheckIncludeFile.c.o
/usr/bin/cc    -o CMakeFiles/cmTryCompileExec603667406.dir/CheckIncludeFile.c.o   -c /home/nikolay/Projects/OpenGL-tutorial_v0014_33/build/CMakeFiles/CMakeTmp/CheckIncludeFile.c
Linking C executable cmTryCompileExec603667406
/usr/bin/cmake -E cmake_link_script CMakeFiles/cmTryCompileExec603667406.dir/link.txt --verbose=1
/usr/bin/cc       CMakeFiles/cmTryCompileExec603667406.dir/CheckIncludeFile.c.o  -o cmTryCompileExec603667406 -rdynamic 
make[1]: Leaving directory `/home/nikolay/Projects/OpenGL-tutorial_v0014_33/build/CMakeFiles/CMakeTmp'


Determining size of off64_t passed with the following output:
Change Dir: /home/nikolay/Projects/OpenGL-tutorial_v0014_33/build/CMakeFiles/CMakeTmp

Run Build Command:/usr/bin/make "cmTryCompileExec777418804/fast"
/usr/bin/make -f CMakeFiles/cmTryCompileExec777418804.dir/build.make CMakeFiles/cmTryCompileExec777418804.dir/build
make[1]: Entering directory `/home/nikolay/Projects/OpenGL-tutorial_v0014_33/build/CMakeFiles/CMakeTmp'
/usr/bin/cmake -E cmake_progress_report /home/nikolay/Projects/OpenGL-tutorial_v0014_33/build/CMakeFiles/CMakeTmp/CMakeFiles 1
Building C object CMakeFiles/cmTryCompileExec777418804.dir/OFF64_T.c.o
/usr/bin/cc  -DHAVE_STDDEF_H -DHAVE_STDINT_H -DHAVE_SYS_TYPES_H -D_LARGEFILE64_SOURCE=1  -o CMakeFiles/cmTryCompileExec777418804.dir/OFF64_T.c.o   -c /home/nikolay/Projects/OpenGL-tutorial_v0014_33/build/CMakeFiles/CheckTypeSize/OFF64_T.c
Linking C executable cmTryCompileExec777418804
/usr/bin/cmake -E cmake_link_script CMakeFiles/cmTryCompileExec777418804.dir/link.txt --verbose=1
/usr/bin/cc       CMakeFiles/cmTryCompileExec777418804.dir/OFF64_T.c.o  -o cmTryCompileExec777418804 -rdynamic 
make[1]: Leaving directory `/home/nikolay/Projects/OpenGL-tutorial_v0014_33/build/CMakeFiles/CMakeTmp'


Determining if the function fseeko exists passed with the following output:
Change Dir: /home/nikolay/Projects/OpenGL-tutorial_v0014_33/build/CMakeFiles/CMakeTmp

Run Build Command:/usr/bin/make "cmTryCompileExec2094768461/fast"
/usr/bin/make -f CMakeFiles/cmTryCompileExec2094768461.dir/build.make CMakeFiles/cmTryCompileExec2094768461.dir/build
make[1]: Entering directory `/home/nikolay/Projects/OpenGL-tutorial_v0014_33/build/CMakeFiles/CMakeTmp'
/usr/bin/cmake -E cmake_progress_report /home/nikolay/Projects/OpenGL-tutorial_v0014_33/build/CMakeFiles/CMakeTmp/CMakeFiles 1
Building C object CMakeFiles/cmTryCompileExec2094768461.dir/CheckFunctionExists.c.o
/usr/bin/cc   -DCHECK_FUNCTION_EXISTS=fseeko   -o CMakeFiles/cmTryCompileExec2094768461.dir/CheckFunctionExists.c.o   -c /usr/share/cmake-2.8/Modules/CheckFunctionExists.c
Linking C executable cmTryCompileExec2094768461
/usr/bin/cmake -E cmake_link_script CMakeFiles/cmTryCompileExec2094768461.dir/link.txt --verbose=1
/usr/bin/cc   -DCHECK_FUNCTION_EXISTS=fseeko    CMakeFiles/cmTryCompileExec2094768461.dir/CheckFunctionExists.c.o  -o cmTryCompileExec2094768461 -rdynamic 
make[1]: Leaving directory `/home/nikolay/Projects/OpenGL-tutorial_v0014_33/build/CMakeFiles/CMakeTmp'


Determining if the include file unistd.h exists passed with the following output:
Change Dir: /home/nikolay/Projects/OpenGL-tutorial_v0014_33/build/CMakeFiles/CMakeTmp

Run Build Command:/usr/bin/make "cmTryCompileExec2443401553/fast"
/usr/bin/make -f CMakeFiles/cmTryCompileExec2443401553.dir/build.make CMakeFiles/cmTryCompileExec2443401553.dir/build
make[1]: Entering directory `/home/nikolay/Projects/OpenGL-tutorial_v0014_33/build/CMakeFiles/CMakeTmp'
/usr/bin/cmake -E cmake_progress_report /home/nikolay/Projects/OpenGL-tutorial_v0014_33/build/CMakeFiles/CMakeTmp/CMakeFiles 1
Building C object CMakeFiles/cmTryCompileExec2443401553.dir/CheckIncludeFile.c.o
/usr/bin/cc    -o CMakeFiles/cmTryCompileExec2443401553.dir/CheckIncludeFile.c.o   -c /home/nikolay/Projects/OpenGL-tutorial_v0014_33/build/CMakeFiles/CMakeTmp/CheckIncludeFile.c
Linking C executable cmTryCompileExec2443401553
/usr/bin/cmake -E cmake_link_script CMakeFiles/cmTryCompileExec2443401553.dir/link.txt --verbose=1
/usr/bin/cc       CMakeFiles/cmTryCompileExec2443401553.dir/CheckIncludeFile.c.o  -o cmTryCompileExec2443401553 -rdynamic 
make[1]: Leaving directory `/home/nikolay/Projects/OpenGL-tutorial_v0014_33/build/CMakeFiles/CMakeTmp'


Determining if the function XOpenDisplay exists in the /usr/lib/x86_64-linux-gnu/libX11.so;/usr/lib/x86_64-linux-gnu/libXext.so passed with the following output:
Change Dir: /home/nikolay/Projects/GameEngine/build/CMakeFiles/CMakeTmp

Run Build Command:/usr/bin/make "cmTryCompileExec4138834448/fast"
/usr/bin/make -f CMakeFiles/cmTryCompileExec4138834448.dir/build.make CMakeFiles/cmTryCompileExec4138834448.dir/build
make[1]: Entering directory '/home/nikolay/Projects/GameEngine/build/CMakeFiles/CMakeTmp'
/usr/bin/cmake -E cmake_progress_report /home/nikolay/Projects/GameEngine/build/CMakeFiles/CMakeTmp/CMakeFiles 1
Building C object CMakeFiles/cmTryCompileExec4138834448.dir/CheckFunctionExists.c.o
/usr/bin/cc   -DCHECK_FUNCTION_EXISTS=XOpenDisplay   -o CMakeFiles/cmTryCompileExec4138834448.dir/CheckFunctionExists.c.o   -c /usr/share/cmake-2.8/Modules/CheckFunctionExists.c
Linking C executable cmTryCompileExec4138834448
/usr/bin/cmake -E cmake_link_script CMakeFiles/cmTryCompileExec4138834448.dir/link.txt --verbose=1
/usr/bin/cc   -DCHECK_FUNCTION_EXISTS=XOpenDisplay    CMakeFiles/cmTryCompileExec4138834448.dir/CheckFunctionExists.c.o  -o cmTryCompileExec4138834448 -rdynamic -lX11 -lXext 
make[1]: Leaving directory '/home/nikolay/Projects/GameEngine/build/CMakeFiles/CMakeTmp'


Determining if the function gethostbyname exists passed with the following output:
Change Dir: /home/nikolay/Projects/GameEngine/build/CMakeFiles/CMakeTmp

Run Build Command:/usr/bin/make "cmTryCompileExec4218763308/fast"
/usr/bin/make -f CMakeFiles/cmTryCompileExec4218763308.dir/build.make CMakeFiles/cmTryCompileExec4218763308.dir/build
make[1]: Entering directory '/home/nikolay/Projects/GameEngine/build/CMakeFiles/CMakeTmp'
/usr/bin/cmake -E cmake_progress_report /home/nikolay/Projects/GameEngine/build/CMakeFiles/CMakeTmp/CMakeFiles 1
Building C object CMakeFiles/cmTryCompileExec4218763308.dir/CheckFunctionExists.c.o
/usr/bin/cc   -DCHECK_FUNCTION_EXISTS=gethostbyname   -o CMakeFiles/cmTryCompileExec4218763308.dir/CheckFunctionExists.c.o   -c /usr/share/cmake-2.8/Modules/CheckFunctionExists.c
Linking C executable cmTryCompileExec4218763308
/usr/bin/cmake -E cmake_link_script CMakeFiles/cmTryCompileExec4218763308.dir/link.txt --verbose=1
/usr/bin/cc   -DCHECK_FUNCTION_EXISTS=gethostbyname    CMakeFiles/cmTryCompileExec4218763308.dir/CheckFunctionExists.c.o  -o cmTryCompileExec4218763308 -rdynamic 
make[1]: Leaving directory '/home/nikolay/Projects/GameEngine/build/CMakeFiles/CMakeTmp'


Determining if the function connect exists passed with the following output:
Change Dir: /home/nikolay/Projects/GameEngine/build/CMakeFiles/CMakeTmp

Run Build Command:/usr/bin/make "cmTryCompileExec1877348175/fast"
/usr/bin/make -f CMakeFiles/cmTryCompileExec1877348175.dir/build.make CMakeFiles/cmTryCompileExec1877348175.dir/build
make[1]: Entering directory '/home/nikolay/Projects/GameEngine/build/CMakeFiles/CMakeTmp'
/usr/bin/cmake -E cmake_progress_report /home/nikolay/Projects/GameEngine/build/CMakeFiles/CMakeTmp/CMakeFiles 1
Building C object CMakeFiles/cmTryCompileExec1877348175.dir/CheckFunctionExists.c.o
/usr/bin/cc   -DCHECK_FUNCTION_EXISTS=connect   -o CMakeFiles/cmTryCompileExec1877348175.dir/CheckFunctionExists.c.o   -c /usr/share/cmake-2.8/Modules/CheckFunctionExists.c
Linking C executable cmTryCompileExec1877348175
/usr/bin/cmake -E cmake_link_script CMakeFiles/cmTryCompileExec1877348175.dir/link.txt --verbose=1
/usr/bin/cc   -DCHECK_FUNCTION_EXISTS=connect    CMakeFiles/cmTryCompileExec1877348175.dir/CheckFunctionExists.c.o  -o cmTryCompileExec1877348175 -rdynamic 
make[1]: Leaving directory '/home/nikolay/Projects/GameEngine/build/CMakeFiles/CMakeTmp'


Determining if the function remove exists passed with the following output:
Change Dir: /home/nikolay/Projects/GameEngine/build/CMakeFiles/CMakeTmp

Run Build Command:/usr/bin/make "cmTryCompileExec101058560/fast"
/usr/bin/make -f CMakeFiles/cmTryCompileExec101058560.dir/build.make CMakeFiles/cmTryCompileExec101058560.dir/build
make[1]: Entering directory '/home/nikolay/Projects/GameEngine/build/CMakeFiles/CMakeTmp'
/usr/bin/cmake -E cmake_progress_report /home/nikolay/Projects/GameEngine/build/CMakeFiles/CMakeTmp/CMakeFiles 1
Building C object CMakeFiles/cmTryCompileExec101058560.dir/CheckFunctionExists.c.o
/usr/bin/cc   -DCHECK_FUNCTION_EXISTS=remove   -o CMakeFiles/cmTryCompileExec101058560.dir/CheckFunctionExists.c.o   -c /usr/share/cmake-2.8/Modules/CheckFunctionExists.c
Linking C executable cmTryCompileExec101058560
/usr/bin/cmake -E cmake_link_script CMakeFiles/cmTryCompileExec101058560.dir/link.txt --verbose=1
/usr/bin/cc   -DCHECK_FUNCTION_EXISTS=remove    CMakeFiles/cmTryCompileExec101058560.dir/CheckFunctionExists.c.o  -o cmTryCompileExec101058560 -rdynamic 
make[1]: Leaving directory '/home/nikolay/Projects/GameEngine/build/CMakeFiles/CMakeTmp'


Determining if the function shmat exists passed with the following output:
Change Dir: /home/nikolay/Projects/GameEngine/build/CMakeFiles/CMakeTmp

Run Build Command:/usr/bin/make "cmTryCompileExec4266945204/fast"
/usr/bin/make -f CMakeFiles/cmTryCompileExec4266945204.dir/build.make CMakeFiles/cmTryCompileExec4266945204.dir/build
make[1]: Entering directory '/home/nikolay/Projects/GameEngine/build/CMakeFiles/CMakeTmp'
/usr/bin/cmake -E cmake_progress_report /home/nikolay/Projects/GameEngine/build/CMakeFiles/CMakeTmp/CMakeFiles 1
Building C object CMakeFiles/cmTryCompileExec4266945204.dir/CheckFunctionExists.c.o
/usr/bin/cc   -DCHECK_FUNCTION_EXISTS=shmat   -o CMakeFiles/cmTryCompileExec4266945204.dir/CheckFunctionExists.c.o   -c /usr/share/cmake-2.8/Modules/CheckFunctionExists.c
Linking C executable cmTryCompileExec4266945204
/usr/bin/cmake -E cmake_link_script CMakeFiles/cmTryCompileExec4266945204.dir/link.txt --verbose=1
/usr/bin/cc   -DCHECK_FUNCTION_EXISTS=shmat    CMakeFiles/cmTryCompileExec4266945204.dir/CheckFunctionExists.c.o  -o cmTryCompileExec4266945204 -rdynamic 
make[1]: Leaving directory '/home/nikolay/Projects/GameEngine/build/CMakeFiles/CMakeTmp'


Determining if the function IceConnectionNumber exists in the ICE passed with the following output:
Change Dir: /home/nikolay/Projects/GameEngine/build/CMakeFiles/CMakeTmp

Run Build Command:/usr/bin/make "cmTryCompileExec211256925/fast"
/usr/bin/make -f CMakeFiles/cmTryCompileExec211256925.dir/build.make CMakeFiles/cmTryCompileExec211256925.dir/build
make[1]: Entering directory '/home/nikolay/Projects/GameEngine/build/CMakeFiles/CMakeTmp'
/usr/bin/cmake -E cmake_progress_report /home/nikolay/Projects/GameEngine/build/CMakeFiles/CMakeTmp/CMakeFiles 1
Building C object CMakeFiles/cmTryCompileExec211256925.dir/CheckFunctionExists.c.o
/usr/bin/cc   -DCHECK_FUNCTION_EXISTS=IceConnectionNumber   -o CMakeFiles/cmTryCompileExec211256925.dir/CheckFunctionExists.c.o   -c /usr/share/cmake-2.8/Modules/CheckFunctionExists.c
Linking C executable cmTryCompileExec211256925
/usr/bin/cmake -E cmake_link_script CMakeFiles/cmTryCompileExec211256925.dir/link.txt --verbose=1
/usr/bin/cc   -DCHECK_FUNCTION_EXISTS=IceConnectionNumber    CMakeFiles/cmTryCompileExec211256925.dir/CheckFunctionExists.c.o  -o cmTryCompileExec211256925 -rdynamic -lICE 
make[1]: Leaving directory '/home/nikolay/Projects/GameEngine/build/CMakeFiles/CMakeTmp'


Determining if files pthread.h exist passed with the following output:
Change Dir: /home/nikolay/Projects/GameEngine/build/CMakeFiles/CMakeTmp

Run Build Command:/usr/bin/make "cmTryCompileExec1042203405/fast"
/usr/bin/make -f CMakeFiles/cmTryCompileExec1042203405.dir/build.make CMakeFiles/cmTryCompileExec1042203405.dir/build
make[1]: Entering directory '/home/nikolay/Projects/GameEngine/build/CMakeFiles/CMakeTmp'
/usr/bin/cmake -E cmake_progress_report /home/nikolay/Projects/GameEngine/build/CMakeFiles/CMakeTmp/CMakeFiles 1
Building C object CMakeFiles/cmTryCompileExec1042203405.dir/CheckIncludeFiles.c.o
/usr/bin/cc    -o CMakeFiles/cmTryCompileExec1042203405.dir/CheckIncludeFiles.c.o   -c /home/nikolay/Projects/GameEngine/build/CMakeFiles/CMakeTmp/CheckIncludeFiles.c
Linking C executable cmTryCompileExec1042203405
/usr/bin/cmake -E cmake_link_script CMakeFiles/cmTryCompileExec1042203405.dir/link.txt --verbose=1
/usr/bin/cc       CMakeFiles/cmTryCompileExec1042203405.dir/CheckIncludeFiles.c.o  -o cmTryCompileExec1042203405 -rdynamic 
make[1]: Leaving directory '/home/nikolay/Projects/GameEngine/build/CMakeFiles/CMakeTmp'


Determining if the function pthread_create exists in the pthread passed with the following output:
Change Dir: /home/nikolay/Projects/GameEngine/build/CMakeFiles/CMakeTmp

Run Build Command:/usr/bin/make "cmTryCompileExec916178668/fast"
/usr/bin/make -f CMakeFiles/cmTryCompileExec916178668.dir/build.make CMakeFiles/cmTryCompileExec916178668.dir/build
make[1]: Entering directory '/home/nikolay/Projects/GameEngine/build/CMakeFiles/CMakeTmp'
/usr/bin/cmake -E cmake_progress_report /home/nikolay/Projects/GameEngine/build/CMakeFiles/CMakeTmp/CMakeFiles 1
Building C object CMakeFiles/cmTryCompileExec916178668.dir/CheckFunctionExists.c.o
/usr/bin/cc   -DCHECK_FUNCTION_EXISTS=pthread_create   -o CMakeFiles/cmTryCompileExec916178668.dir/CheckFunctionExists.c.o   -c /usr/share/cmake-2.8/Modules/CheckFunctionExists.c
Linking C executable cmTryCompileExec916178668
/usr/bin/cmake -E cmake_link_script CMakeFiles/cmTryCompileExec916178668.dir/link.txt --verbose=1
/usr/bin/cc   -DCHECK_FUNCTION_EXISTS=pthread_create    CMakeFiles/cmTryCompileExec916178668.dir/CheckFunctionExists.c.o  -o cmTryCompileExec916178668 -rdynamic -lpthread 
make[1]: Leaving directory '/home/nikolay/Projects/GameEngine/build/CMakeFiles/CMakeTmp'


Determining if the function glXGetProcAddress exists passed with the following output:
Change Dir: /home/nikolay/Projects/GameEngine/build/CMakeFiles/CMakeTmp

Run Build Command:/usr/bin/make "cmTryCompileExec2959258244/fast"
/usr/bin/make -f CMakeFiles/cmTryCompileExec2959258244.dir/build.make CMakeFiles/cmTryCompileExec2959258244.dir/build
make[1]: Entering directory '/home/nikolay/Projects/GameEngine/build/CMakeFiles/CMakeTmp'
/usr/bin/cmake -E cmake_progress_report /home/nikolay/Projects/GameEngine/build/CMakeFiles/CMakeTmp/CMakeFiles 1
Building C object CMakeFiles/cmTryCompileExec2959258244.dir/CheckFunctionExists.c.o
/usr/bin/cc   -DCHECK_FUNCTION_EXISTS=glXGetProcAddress   -o CMakeFiles/cmTryCompileExec2959258244.dir/CheckFunctionExists.c.o   -c /usr/share/cmake-2.8/Modules/CheckFunctionExists.c
Linking C executable cmTryCompileExec2959258244
/usr/bin/cmake -E cmake_link_script CMakeFiles/cmTryCompileExec2959258244.dir/link.txt --verbose=1
/usr/bin/cc   -DCHECK_FUNCTION_EXISTS=glXGetProcAddress    CMakeFiles/cmTryCompileExec2959258244.dir/CheckFunctionExists.c.o  -o cmTryCompileExec2959258244 -rdynamic -lGL 
make[1]: Leaving directory '/home/nikolay/Projects/GameEngine/build/CMakeFiles/CMakeTmp'


Determining if the function glXGetProcAddressARB exists passed with the following output:
Change Dir: /home/nikolay/Projects/GameEngine/build/CMakeFiles/CMakeTmp

Run Build Command:/usr/bin/make "cmTryCompileExec3790088446/fast"
/usr/bin/make -f CMakeFiles/cmTryCompileExec3790088446.dir/build.make CMakeFiles/cmTryCompileExec3790088446.dir/build
make[1]: Entering directory '/home/nikolay/Projects/GameEngine/build/CMakeFiles/CMakeTmp'
/usr/bin/cmake -E cmake_progress_report /home/nikolay/Projects/GameEngine/build/CMakeFiles/CMakeTmp/CMakeFiles 1
Building C object CMakeFiles/cmTryCompileExec3790088446.dir/CheckFunctionExists.c.o
/usr/bin/cc   -DCHECK_FUNCTION_EXISTS=glXGetProcAddressARB   -o CMakeFiles/cmTryCompileExec3790088446.dir/CheckFunctionExists.c.o   -c /usr/share/cmake-2.8/Modules/CheckFunctionExists.c
Linking C executable cmTryCompileExec3790088446
/usr/bin/cmake -E cmake_link_script CMakeFiles/cmTryCompileExec3790088446.dir/link.txt --verbose=1
/usr/bin/cc   -DCHECK_FUNCTION_EXISTS=glXGetProcAddressARB    CMakeFiles/cmTryCompileExec3790088446.dir/CheckFunctionExists.c.o  -o cmTryCompileExec3790088446 -rdynamic -lGL 
make[1]: Leaving directory '/home/nikolay/Projects/GameEngine/build/CMakeFiles/CMakeTmp'


Determining if the include file sys/types.h exists passed with the following output:
Change Dir: /home/nikolay/Projects/GameEngine/build/CMakeFiles/CMakeTmp

Run Build Command:/usr/bin/make "cmTryCompileExec2736443813/fast"
/usr/bin/make -f CMakeFiles/cmTryCompileExec2736443813.dir/build.make CMakeFiles/cmTryCompileExec2736443813.dir/build
make[1]: Entering directory '/home/nikolay/Projects/GameEngine/build/CMakeFiles/CMakeTmp'
/usr/bin/cmake -E cmake_progress_report /home/nikolay/Projects/GameEngine/build/CMakeFiles/CMakeTmp/CMakeFiles 1
Building C object CMakeFiles/cmTryCompileExec2736443813.dir/CheckIncludeFile.c.o
/usr/bin/cc    -o CMakeFiles/cmTryCompileExec2736443813.dir/CheckIncludeFile.c.o   -c /home/nikolay/Projects/GameEngine/build/CMakeFiles/CMakeTmp/CheckIncludeFile.c
Linking C executable cmTryCompileExec2736443813
/usr/bin/cmake -E cmake_link_script CMakeFiles/cmTryCompileExec2736443813.dir/link.txt --verbose=1
/usr/bin/cc       CMakeFiles/cmTryCompileExec2736443813.dir/CheckIncludeFile.c.o  -o cmTryCompileExec2736443813 -rdynamic 
make[1]: Leaving directory '/home/nikolay/Projects/GameEngine/build/CMakeFiles/CMakeTmp'


Determining if the include file stdint.h exists passed with the following output:
Change Dir: /home/nikolay/Projects/GameEngine/build/CMakeFiles/CMakeTmp

Run Build Command:/usr/bin/make "cmTryCompileExec3870586246/fast"
/usr/bin/make -f CMakeFiles/cmTryCompileExec3870586246.dir/build.make CMakeFiles/cmTryCompileExec3870586246.dir/build
make[1]: Entering directory '/home/nikolay/Projects/GameEngine/build/CMakeFiles/CMakeTmp'
/usr/bin/cmake -E cmake_progress_report /home/nikolay/Projects/GameEngine/build/CMakeFiles/CMakeTmp/CMakeFiles 1
Building C object CMakeFiles/cmTryCompileExec3870586246.dir/CheckIncludeFile.c.o
/usr/bin/cc    -o CMakeFiles/cmTryCompileExec3870586246.dir/CheckIncludeFile.c.o   -c /home/nikolay/Projects/GameEngine/build/CMakeFiles/CMakeTmp/CheckIncludeFile.c
Linking C executable cmTryCompileExec3870586246
/usr/bin/cmake -E cmake_link_script CMakeFiles/cmTryCompileExec3870586246.dir/link.txt --verbose=1
/usr/bin/cc       CMakeFiles/cmTryCompileExec3870586246.dir/CheckIncludeFile.c.o  -o cmTryCompileExec3870586246 -rdynamic 
make[1]: Leaving directory '/home/nikolay/Projects/GameEngine/build/CMakeFiles/CMakeTmp'


Determining if the include file stddef.h exists passed with the following output:
Change Dir: /home/nikolay/Projects/GameEngine/build/CMakeFiles/CMakeTmp

Run Build Command:/usr/bin/make "cmTryCompileExec1491138471/fast"
/usr/bin/make -f CMakeFiles/cmTryCompileExec1491138471.dir/build.make CMakeFiles/cmTryCompileExec1491138471.dir/build
make[1]: Entering directory '/home/nikolay/Projects/GameEngine/build/CMakeFiles/CMakeTmp'
/usr/bin/cmake -E cmake_progress_report /home/nikolay/Projects/GameEngine/build/CMakeFiles/CMakeTmp/CMakeFiles 1
Building C object CMakeFiles/cmTryCompileExec1491138471.dir/CheckIncludeFile.c.o
/usr/bin/cc    -o CMakeFiles/cmTryCompileExec1491138471.dir/CheckIncludeFile.c.o   -c /home/nikolay/Projects/GameEngine/build/CMakeFiles/CMakeTmp/CheckIncludeFile.c
Linking C executable cmTryCompileExec1491138471
/usr/bin/cmake -E cmake_link_script CMakeFiles/cmTryCompileExec1491138471.dir/link.txt --verbose=1
/usr/bin/cc       CMakeFiles/cmTryCompileExec1491138471.dir/CheckIncludeFile.c.o  -o cmTryCompileExec1491138471 -rdynamic 
make[1]: Leaving directory '/home/nikolay/Projects/GameEngine/build/CMakeFiles/CMakeTmp'


Determining size of off64_t passed with the following output:
Change Dir: /home/nikolay/Projects/GameEngine/build/CMakeFiles/CMakeTmp

Run Build Command:/usr/bin/make "cmTryCompileExec2403964472/fast"
/usr/bin/make -f CMakeFiles/cmTryCompileExec2403964472.dir/build.make CMakeFiles/cmTryCompileExec2403964472.dir/build
make[1]: Entering directory '/home/nikolay/Projects/GameEngine/build/CMakeFiles/CMakeTmp'
/usr/bin/cmake -E cmake_progress_report /home/nikolay/Projects/GameEngine/build/CMakeFiles/CMakeTmp/CMakeFiles 1
Building C object CMakeFiles/cmTryCompileExec2403964472.dir/OFF64_T.c.o
/usr/bin/cc  -DHAVE_STDDEF_H -DHAVE_STDINT_H -DHAVE_SYS_TYPES_H -D_LARGEFILE64_SOURCE=1  -o CMakeFiles/cmTryCompileExec2403964472.dir/OFF64_T.c.o   -c /home/nikolay/Projects/GameEngine/build/CMakeFiles/CheckTypeSize/OFF64_T.c
Linking C executable cmTryCompileExec2403964472
/usr/bin/cmake -E cmake_link_script CMakeFiles/cmTryCompileExec2403964472.dir/link.txt --verbose=1
/usr/bin/cc       CMakeFiles/cmTryCompileExec2403964472.dir/OFF64_T.c.o  -o cmTryCompileExec2403964472 -rdynamic 
make[1]: Leaving directory '/home/nikolay/Projects/GameEngine/build/CMakeFiles/CMakeTmp'


Determining if the function fseeko exists passed with the following output:
Change Dir: /home/nikolay/Projects/GameEngine/build/CMakeFiles/CMakeTmp

Run Build Command:/usr/bin/make "cmTryCompileExec2908822540/fast"
/usr/bin/make -f CMakeFiles/cmTryCompileExec2908822540.dir/build.make CMakeFiles/cmTryCompileExec2908822540.dir/build
make[1]: Entering directory '/home/nikolay/Projects/GameEngine/build/CMakeFiles/CMakeTmp'
/usr/bin/cmake -E cmake_progress_report /home/nikolay/Projects/GameEngine/build/CMakeFiles/CMakeTmp/CMakeFiles 1
Building C object CMakeFiles/cmTryCompileExec2908822540.dir/CheckFunctionExists.c.o
/usr/bin/cc   -DCHECK_FUNCTION_EXISTS=fseeko   -o CMakeFiles/cmTryCompileExec2908822540.dir/CheckFunctionExists.c.o   -c /usr/share/cmake-2.8/Modules/CheckFunctionExists.c
Linking C executable cmTryCompileExec2908822540
/usr/bin/cmake -E cmake_link_script CMakeFiles/cmTryCompileExec2908822540.dir/link.txt --verbose=1
/usr/bin/cc   -DCHECK_FUNCTION_EXISTS=fseeko    CMakeFiles/cmTryCompileExec2908822540.dir/CheckFunctionExists.c.o  -o cmTryCompileExec2908822540 -rdynamic 
make[1]: Leaving directory '/home/nikolay/Projects/GameEngine/build/CMakeFiles/CMakeTmp'


Determining if the include file unistd.h exists passed with the following output:
Change Dir: /home/nikolay/Projects/GameEngine/build/CMakeFiles/CMakeTmp

Run Build Command:/usr/bin/make "cmTryCompileExec2601123090/fast"
/usr/bin/make -f CMakeFiles/cmTryCompileExec2601123090.dir/build.make CMakeFiles/cmTryCompileExec2601123090.dir/build
make[1]: Entering directory '/home/nikolay/Projects/GameEngine/build/CMakeFiles/CMakeTmp'
/usr/bin/cmake -E cmake_progress_report /home/nikolay/Projects/GameEngine/build/CMakeFiles/CMakeTmp/CMakeFiles 1
Building C object CMakeFiles/cmTryCompileExec2601123090.dir/CheckIncludeFile.c.o
/usr/bin/cc    -o CMakeFiles/cmTryCompileExec2601123090.dir/CheckIncludeFile.c.o   -c /home/nikolay/Projects/GameEngine/build/CMakeFiles/CMakeTmp/CheckIncludeFile.c
Linking C executable cmTryCompileExec2601123090
/usr/bin/cmake -E cmake_link_script CMakeFiles/cmTryCompileExec2601123090.dir/link.txt --verbose=1
/usr/bin/cc       CMakeFiles/cmTryCompileExec2601123090.dir/CheckIncludeFile.c.o  -o cmTryCompileExec2601123090 -rdynamic 
make[1]: Leaving directory '/home/nikolay/Projects/GameEngine/build/CMakeFiles/CMakeTmp'


